<?xml version="1.0" encoding="UTF-8"?>
<testsuite xmlns:xsi="http://www.w3.org/2001/XMLSchema-instance" xsi:noNamespaceSchemaLocation="https://maven.apache.org/surefire/maven-surefire-plugin/xsd/surefire-test-report.xsd" name="ru.sbrf.coffee.CoffeeTest" time="0.305" tests="4" errors="0" skipped="0" failures="0">
  <properties>
[...]
</properties>
  <testcase name="builderTest" classname="ru.sbrf.coffee.CoffeeTest" time="0.043"/>
  <testcase name="makeCoffeeEspressoTest" classname="ru.sbrf.coffee.CoffeeTest" time="0.003"/>
  <testcase name="makeCoffeeCappuccinoTest" classname="ru.sbrf.coffee.CoffeeTest" time="0"/>
  <testcase name="makeCoffeeGlaceTest" classname="ru.sbrf.coffee.CoffeeTest" time="0"/>
</testsuite>